ldap_bind: Invalid credentials (49)
	additional info: 80090308: LdapErr: DSID-0C0903A9, comment: AcceptSecurityContext error, data 52e, v1db1
Login_Error  -- svc-spectrum - no - ldapsearch -H ldap://10.1.108.210 -D CPEX\\svc-spectrum -x -w 'sp3ctrum!' -b DC=CPEX,DC=COM "(samAccountName=svc-spectrum)"

ldapsearch -H ldap://10.1.108.210 -D CPEX\svc-spectrum -x -w 'sp3ctrum!' -b DC=CPEX,DC=COM "(samAccountName=svc-spectrum)"
ldap_bind: Invalid credentials (49)
	additional info: 80090308: LdapErr: DSID-0C0903A9, comment: AcceptSecurityContext error, data 52e, v1db1
Login_Error  -- svc-spectrum - no - ldapsearch -H ldap://10.1.108.210 -D CPEX\\svc-spectrum -x -w 'sp3ctrum!' -b DC=CPEX,DC=COM "(samAccountName=svc-spectrum)"

ldapsearch -H ldap://10.1.108.210 -D CPEX\\svc-spectrum -x -w 'sp3ctrum!' -b DC=CPEX,DC=COM "(samAccountName=svc-spectrum)"
ldap_bind: Invalid credentials (49)
	additional info: 80090308: LdapErr: DSID-0C0903A9, comment: AcceptSecurityContext error, data 52e, v1db1
Login_Error  -- svc-spectrum - no - ldapsearch -H ldap://10.1.108.210 -D CPEX\\svc-spectrum -x -w 'sp3ctrum!' -b DC=CPEX,DC=COM "(samAccountName=svc-spectrum)"

ldapsearch -H ldap://10.1.108.210 -D CPEX\\svc-spectrum -x -w 'sp3ctrum!' -b DC=CPEX,DC=COM "(samAccountName=svc-spectrum)"
ldap_bind: Invalid credentials (49)
	additional info: 80090308: LdapErr: DSID-0C0903A9, comment: AcceptSecurityContext error, data 52e, v1db1
Login_Error  -- svc-spectrum - no - ldapsearch -H ldap://10.1.108.210 -D CPEX\\svc-spectrum -x -w 'sp3ctrum!' -b DC=CPEX,DC=COM "(samAccountName=svc-spectrum)"

ldapsearch -H ldap://10.1.108.210 -D CPEX\\svc-spectrum -x -w 'sp3ctrum!' -b DC=CPEX,DC=COM "(samAccountName=svc-spectrum)"
ldap_bind: Invalid credentials (49)
	additional info: 80090308: LdapErr: DSID-0C0903A9, comment: AcceptSecurityContext error, data 52e, v1db1
ldap_bind: Invalid credentials (49)
	additional info: 80090308: LdapErr: DSID-0C0903A9, comment: AcceptSecurityContext error, data 52e, v1db1
/var/www/etc/logged_in/jallman
Tue Jan 27 13:35:58 EST 2015 jallman ERROR- at string 
Tue Jan 27 13:36:53 EST 2015 jallman ERROR- at string SCR=host_edit
Tue Jan 27 13:37:07 EST 2015 jallman ERROR- at string SCR=host_edit
Tue Jan 27 13:37:22 EST 2015 jallman ERROR- at string SEARCH_HOST=&SEARCH_ADDRESS=&SEARCH_LOC=&SEARCH_ROLE=&SCR=host_edit&DO=SEARCH&SEARCH=SEARCH
Tue Jan 27 13:42:32 EST 2015 jallman ERROR- at string SEARCH_HOST=&SEARCH_ADDRESS=&SEARCH_LOC=&SEARCH_ROLE=&SCR=host_edit&DO=SEARCH&SEARCH=SEARCH
Tue Jan 27 13:43:58 EST 2015 jallman ERROR- at string SEARCH_HOST=&SEARCH_ADDRESS=&SEARCH_LOC=&SEARCH_ROLE=&SCR=host_edit&DO=SEARCH&SEARCH=SEARCH
Tue Jan 27 14:21:47 EST 2015 jallman ERROR- at string SCR=host_edit
Tue Jan 27 14:21:51 EST 2015 jallman ERROR- at string SEARCH_HOST=&SEARCH_ADDRESS=&SEARCH_LOC=&SEARCH_ROLE=&SCR=host_edit&DO=SEARCH&SEARCH=SEARCH
Tue Jan 27 14:21:53 EST 2015 jallman ERROR- at string SEARCH_HOST=&SEARCH_ADDRESS=&SEARCH_LOC=&SEARCH_ROLE=&SCR=host_edit&DO=SEARCH&SEARCH=SEARCH
Tue Jan 27 14:21:56 EST 2015 jallman ERROR- at string SCR=host_edit
Tue Jan 27 14:24:07 EST 2015 jallman ERROR- at string SCR=view_my_profile
Tue Jan 27 14:24:20 EST 2015 jallman ERROR- at string SCR=host_edit
Tue Jan 27 14:24:21 EST 2015 jallman ERROR- at string SCR=host_edit&DO=ADD_REQUEST
Tue Jan 27 14:30:32 EST 2015 jallman ERROR- at string SCR=host_edit
Tue Jan 27 14:30:33 EST 2015 jallman ERROR- at string SCR=host_edit&DO=ADD_REQUEST
Tue Jan 27 15:05:49 EST 2015 jallman ERROR- at string SCR=host_edit
Tue Jan 27 15:06:03 EST 2015 jallman ERROR- at string SCR=host_edit
Tue Jan 27 15:06:26 EST 2015 jallman ERROR- at string SCR=host_edit&DO=ADD_REQUEST
